app/build/outputs/logs/manifest-merger-debug-report.txt
-- Merging decision tree log ---
manifest
ADDED from src\main\AndroidManifest.xml:2:1-148:12
	package
		ADDED from src\main\AndroidManifest.xml:3:5-40
		INJECTED from src\main\AndroidManifest.xml
		INJECTED from src\main\AndroidManifest.xml
	android:versionName
		INJECTED from src\main\AndroidManifest.xml
		INJECTED from src\main\AndroidManifest.xml
	xmlns:android
		ADDED from src\main\AndroidManifest.xml:2:11-69
	android:versionCode
		INJECTED from src\main\AndroidManifest.xml
		INJECTED from src\main\AndroidManifest.xml
uses-feature#android.hardware.camera.autofocus
ADDED from src\main\AndroidManifest.xml:4:5-70
	android:name
		ADDED from src\main\AndroidManifest.xml:4:19-67
application
ADDED from src\main\AndroidManifest.xml:6:5-96:19
MERGED from [com.android.support:appcompat-v7:25.3.1] AndroidManifest.xml:29:5-20
MERGED from [com.android.support:support-v4:25.3.1] AndroidManifest.xml:29:5-20
MERGED from [com.android.support:support-fragment:25.3.1] AndroidManifest.xml:29:5-20
MERGED from [com.android.support:support-media-compat:25.3.1] AndroidManifest.xml:29:5-20
MERGED from [com.android.support:support-core-ui:25.3.1] AndroidManifest.xml:29:5-20
MERGED from [com.android.support:support-core-utils:25.3.1] AndroidManifest.xml:29:5-20
MERGED from [com.android.support:animated-vector-drawable:25.3.1] AndroidManifest.xml:26:5-20
MERGED from [com.android.support:support-vector-drawable:25.3.1] AndroidManifest.xml:26:5-20
MERGED from [com.android.support:support-compat:25.3.1] AndroidManifest.xml:29:5-20
	android:label
		ADDED from src\main\AndroidManifest.xml:9:9-41
	android:allowBackup
		ADDED from src\main\AndroidManifest.xml:7:9-35
	android:icon
		ADDED from src\main\AndroidManifest.xml:8:9-41
	android:theme
		ADDED from src\main\AndroidManifest.xml:10:9-40
meta-data#com.baidu.lbsapi.API_KEY
ADDED from src\main\AndroidManifest.xml:11:9-13:63
	android:value
		ADDED from src\main\AndroidManifest.xml:13:13-61
	android:name
		ADDED from src\main\AndroidManifest.xml:12:13-52
meta-data#SUPERID_APPKEY
ADDED from src\main\AndroidManifest.xml:14:9-16:56
	android:value
		ADDED from src\main\AndroidManifest.xml:16:13-53
	android:name
		ADDED from src\main\AndroidManifest.xml:15:13-42
meta-data#SUPERID_SECRET
ADDED from src\main\AndroidManifest.xml:17:9-19:56
	android:value
		ADDED from src\main\AndroidManifest.xml:19:13-53
	android:name
		ADDED from src\main\AndroidManifest.xml:18:13-42
activity#cn.easyar.samples.helloar.Aty_Welcome
ADDED from src\main\AndroidManifest.xml:20:9-31:20
	android:screenOrientation
		ADDED from src\main\AndroidManifest.xml:22:13-49
	android:label
		ADDED from src\main\AndroidManifest.xml:24:13-45
	android:configChanges
		ADDED from src\main\AndroidManifest.xml:23:13-93
	android:name
		ADDED from src\main\AndroidManifest.xml:21:13-65
intent-filter#android.intent.action.MAIN+android.intent.category.LAUNCHER
ADDED from src\main\AndroidManifest.xml:25:13-29:29
action#android.intent.action.MAIN
ADDED from src\main\AndroidManifest.xml:26:17-69
	android:name
		ADDED from src\main\AndroidManifest.xml:26:25-66
category#android.intent.category.LAUNCHER
ADDED from src\main\AndroidManifest.xml:28:17-77
	android:name
		ADDED from src\main\AndroidManifest.xml:28:27-74
activity#cn.easyar.samples.helloar.MainActivity
ADDED from src\main\AndroidManifest.xml:32:9-37:20
	android:screenOrientation
		ADDED from src\main\AndroidManifest.xml:35:13-49
	android:label
		ADDED from src\main\AndroidManifest.xml:34:13-45
	android:theme
		ADDED from src\main\AndroidManifest.xml:36:13-72
	android:name
		ADDED from src\main\AndroidManifest.xml:33:13-66
activity#com.isnc.facesdk.aty.Aty_FaceDetect
ADDED from src\main\AndroidManifest.xml:38:9-43:20
	android:screenOrientation
		ADDED from src\main\AndroidManifest.xml:41:13-49
	android:label
		ADDED from src\main\AndroidManifest.xml:40:13-45
	android:theme
		ADDED from src\main\AndroidManifest.xml:42:13-72
	android:name
		ADDED from src\main\AndroidManifest.xml:39:13-63
activity#com.isnc.facesdk.aty.Aty_AgreeItem
ADDED from src\main\AndroidManifest.xml:44:9-49:20
	android:screenOrientation
		ADDED from src\main\AndroidManifest.xml:47:13-49
	android:label
		ADDED from src\main\AndroidManifest.xml:46:13-45
	android:theme
		ADDED from src\main\AndroidManifest.xml:48:13-72
	android:name
		ADDED from src\main\AndroidManifest.xml:45:13-62
activity#com.isnc.facesdk.aty.Aty_EditUserinfo
ADDED from src\main\AndroidManifest.xml:50:9-54:20
	android:screenOrientation
		ADDED from src\main\AndroidManifest.xml:53:13-49
	android:label
		ADDED from src\main\AndroidManifest.xml:52:13-45
	android:name
		ADDED from src\main\AndroidManifest.xml:51:13-65
activity#com.isnc.facesdk.aty.Aty_ClipPicture
ADDED from src\main\AndroidManifest.xml:55:9-59:20
	android:screenOrientation
		ADDED from src\main\AndroidManifest.xml:58:13-49
	android:label
		ADDED from src\main\AndroidManifest.xml:57:13-45
	android:name
		ADDED from src\main\AndroidManifest.xml:56:13-64
activity#com.isnc.facesdk.aty.Aty_NormalFaceDetect
ADDED from src\main\AndroidManifest.xml:60:9-64:20
	android:screenOrientation
		ADDED from src\main\AndroidManifest.xml:63:13-49
	android:label
		ADDED from src\main\AndroidManifest.xml:62:13-45
	android:name
		ADDED from src\main\AndroidManifest.xml:61:13-69
activity#com.isnc.facesdk.aty.Aty_CountryPage
ADDED from src\main\AndroidManifest.xml:65:9-69:20
	android:screenOrientation
		ADDED from src\main\AndroidManifest.xml:68:13-49
	android:label
		ADDED from src\main\AndroidManifest.xml:67:13-45
	android:name
		ADDED from src\main\AndroidManifest.xml:66:13-64
activity#com.isnc.facesdk.aty.Aty_Auth
ADDED from src\main\AndroidManifest.xml:70:9-74:20
	android:screenOrientation
		ADDED from src\main\AndroidManifest.xml:73:13-49
	android:label
		ADDED from src\main\AndroidManifest.xml:72:13-45
	android:name
		ADDED from src\main\AndroidManifest.xml:71:13-57
activity#com.isnc.facesdk.aty.Aty_SecureEmail
ADDED from src\main\AndroidManifest.xml:75:9-79:20
	android:screenOrientation
		ADDED from src\main\AndroidManifest.xml:78:13-49
	android:label
		ADDED from src\main\AndroidManifest.xml:77:13-45
	android:name
		ADDED from src\main\AndroidManifest.xml:76:13-64
activity#cn.easyar.samples.helloar.Aty_Login
ADDED from src\main\AndroidManifest.xml:80:9-85:20
	android:screenOrientation
		ADDED from src\main\AndroidManifest.xml:83:13-49
	android:label
		ADDED from src\main\AndroidManifest.xml:82:13-45
	android:theme
		ADDED from src\main\AndroidManifest.xml:84:13-72
	android:name
		ADDED from src\main\AndroidManifest.xml:81:13-63
service#com.isnc.facesdk.soloader.DownloadService
ADDED from src\main\AndroidManifest.xml:86:9-76
	android:name
		ADDED from src\main\AndroidManifest.xml:86:18-74
service#com.baidu.location.f
ADDED from src\main\AndroidManifest.xml:87:9-95:19
	android:enabled
		ADDED from src\main\AndroidManifest.xml:89:13-35
	android:process
		ADDED from src\main\AndroidManifest.xml:90:13-38
	android:permission
		ADDED from src\main\AndroidManifest.xml:91:13-75
	android:name
		ADDED from src\main\AndroidManifest.xml:88:13-48
intent-filter#com.baidu.location.service_v2.6
ADDED from src\main\AndroidManifest.xml:92:13-94:29
action#com.baidu.location.service_v2.6
ADDED from src\main\AndroidManifest.xml:93:17-73
	android:name
		ADDED from src\main\AndroidManifest.xml:93:25-71
uses-permission#android.permission.VIBRATE
ADDED from src\main\AndroidManifest.xml:98:5-66
	android:name
		ADDED from src\main\AndroidManifest.xml:98:22-63
uses-permission#android.permission.INTERNET
ADDED from src\main\AndroidManifest.xml:99:5-67
	android:name
		ADDED from src\main\AndroidManifest.xml:99:22-64
uses-permission#android.permission.CAMERA
ADDED from src\main\AndroidManifest.xml:101:5-65
	android:name
		ADDED from src\main\AndroidManifest.xml:101:22-62
uses-feature#android.hardware.camera
ADDED from src\main\AndroidManifest.xml:102:5-60
	android:name
		ADDED from src\main\AndroidManifest.xml:102:19-57
uses-permission#android.permission.ACCESS_NETWORK_STATE
ADDED from src\main\AndroidManifest.xml:104:5-105:23
	android:name
		ADDED from src\main\AndroidManifest.xml:104:22-76
uses-permission#com.android.launcher.permission.READ_SETTINGS
ADDED from src\main\AndroidManifest.xml:108:5-85
	android:name
		ADDED from src\main\AndroidManifest.xml:108:22-82
uses-permission#android.permission.WAKE_LOCK
ADDED from src\main\AndroidManifest.xml:109:5-110:23
	android:name
		ADDED from src\main\AndroidManifest.xml:109:22-65
uses-permission#android.permission.CHANGE_WIFI_STATE
ADDED from src\main\AndroidManifest.xml:111:5-76
	android:name
		ADDED from src\main\AndroidManifest.xml:111:22-73
uses-permission#android.permission.ACCESS_WIFI_STATE
ADDED from src\main\AndroidManifest.xml:112:5-76
	android:name
		ADDED from src\main\AndroidManifest.xml:112:22-73
uses-permission#android.permission.GET_TASKS
ADDED from src\main\AndroidManifest.xml:114:5-68
	android:name
		ADDED from src\main\AndroidManifest.xml:114:22-65
uses-permission#android.permission.WRITE_EXTERNAL_STORAGE
ADDED from src\main\AndroidManifest.xml:115:5-116:23
	android:name
		ADDED from src\main\AndroidManifest.xml:115:22-78
uses-permission#android.permission.WRITE_SETTINGS
ADDED from src\main\AndroidManifest.xml:117:5-73
	android:name
		ADDED from src\main\AndroidManifest.xml:117:22-70
uses-permission#android.permission.ACCESS_COARSE_LOCATION
ADDED from src\main\AndroidManifest.xml:119:5-97
	android:name
		ADDED from src\main\AndroidManifest.xml:119:22-78
uses-permission#android.permission.ACCESS_FINE_LOCATION
ADDED from src\main\AndroidManifest.xml:121:5-95
	android:name
		ADDED from src\main\AndroidManifest.xml:121:22-76
uses-permission#android.permission.READ_PHONE_STATE
ADDED from src\main\AndroidManifest.xml:129:5-91
	android:name
		ADDED from src\main\AndroidManifest.xml:129:22-72
uses-permission#android.permission.MOUNT_UNMOUNT_FILESYSTEMS
ADDED from src\main\AndroidManifest.xml:135:5-100
	android:name
		ADDED from src\main\AndroidManifest.xml:135:22-81
uses-permission#android.permission.READ_LOGS
ADDED from src\main\AndroidManifest.xml:137:5-84
	android:name
		ADDED from src\main\AndroidManifest.xml:137:22-65
supports-screens
ADDED from src\main\AndroidManifest.xml:140:5-145:39
	android:largeScreens
		ADDED from src\main\AndroidManifest.xml:142:9-36
	android:smallScreens
		ADDED from src\main\AndroidManifest.xml:145:9-36
	android:normalScreens
		ADDED from src\main\AndroidManifest.xml:143:9-38
	android:resizeable
		ADDED from src\main\AndroidManifest.xml:144:9-34
	android:anyDensity
		ADDED from src\main\AndroidManifest.xml:141:9-34
uses-sdk
INJECTED from src\main\AndroidManifest.xml reason: use-sdk injection requested
MERGED from [com.android.support:appcompat-v7:25.3.1] AndroidManifest.xml:21:5-23:78
MERGED from [com.android.support:support-v4:25.3.1] AndroidManifest.xml:21:5-23:54
MERGED from [com.android.support:support-fragment:25.3.1] AndroidManifest.xml:21:5-23:60
MERGED from [com.android.support:support-media-compat:25.3.1] AndroidManifest.xml:21:5-23:63
MERGED from [com.android.support:support-core-ui:25.3.1] AndroidManifest.xml:21:5-23:58
MERGED from [com.android.support:support-core-utils:25.3.1] AndroidManifest.xml:21:5-23:61
MERGED from [com.android.support:animated-vector-drawable:25.3.1] AndroidManifest.xml:20:5-44
MERGED from [com.android.support:support-vector-drawable:25.3.1] AndroidManifest.xml:20:5-43
MERGED from [com.android.support:support-compat:25.3.1] AndroidManifest.xml:21:5-23:58
MERGED from [com.android.support:multidex:1.0.1] AndroidManifest.xml:18:5-42
	tools:overrideLibrary
		ADDED from [com.android.support:appcompat-v7:25.3.1] AndroidManifest.xml:23:9-75
	android:targetSdkVersion
		INJECTED from src\main\AndroidManifest.xml
		INJECTED from src\main\AndroidManifest.xml
	android:minSdkVersion
		INJECTED from src\main\AndroidManifest.xml
		INJECTED from src\main\AndroidManifest.xml
meta-data#android.support.VERSION
ADDED from [com.android.support:appcompat-v7:25.3.1] AndroidManifest.xml:25:5-27:34
MERGED from [com.android.support:support-v4:25.3.1] AndroidManifest.xml:25:5-27:34
MERGED from [com.android.support:support-fragment:25.3.1] AndroidManifest.xml:25:5-27:34
MERGED from [com.android.support:support-media-compat:25.3.1] AndroidManifest.xml:25:5-27:34
MERGED from [com.android.support:support-core-ui:25.3.1] AndroidManifest.xml:25:5-27:34
MERGED from [com.android.support:support-core-utils:25.3.1] AndroidManifest.xml:25:5-27:34
MERGED from [com.android.support:animated-vector-drawable:25.3.1] AndroidManifest.xml:22:5-24:34
MERGED from [com.android.support:support-vector-drawable:25.3.1] AndroidManifest.xml:22:5-24:34
MERGED from [com.android.support:support-compat:25.3.1] AndroidManifest.xml:25:5-27:34
	android:value
		ADDED from [com.android.support:appcompat-v7:25.3.1] AndroidManifest.xml:27:9-31
	android:name
		ADDED from [com.android.support:appcompat-v7:25.3.1] AndroidManifest.xml:26:9-47